#
# There is insufficient memory for the Java Runtime Environment to continue.
# Native memory allocation (malloc) failed to allocate 1224736 bytes for Chunk::new
# Possible reasons:
#   The system is out of physical RAM or swap space
#   The process is running with CompressedOops enabled, and the Java Heap may be blocking the growth of the native heap
# Possible solutions:
#   Reduce memory load on the system
#   Increase physical memory or swap space
#   Check if swap backing store is full
#   Decrease Java heap size (-Xmx/-Xms)
#   Decrease number of Java threads
#   Decrease Java thread stack sizes (-Xss)
#   Set larger code cache with -XX:ReservedCodeCacheSize=
#   JVM is running with Unscaled Compressed Oops mode in which the Java heap is
#     placed in the first 4GB address space. The Java Heap base address is the
#     maximum limit for the native heap growth. Please use -XX:HeapBaseMinAddress
#     to set the Java Heap base and to place the Java Heap above 4GB virtual address.
# This output file may be truncated or incomplete.
#
#  Out of Memory Error (allocation.cpp:389), pid=7900, tid=0x0000000000000ab0
#
# JRE version: OpenJDK Runtime Environment (8.0_242-b01) (build 1.8.0_242-release-1644-b01)
# Java VM: OpenJDK 64-Bit Server VM (25.242-b01 mixed mode windows-amd64 compressed oops)
# Failed to write core dump. Minidumps are not enabled by default on client versions of Windows
#

---------------  T H R E A D  ---------------

Current thread (0x00000000163c5800):  JavaThread "C2 CompilerThread0" daemon [_thread_in_native, id=2736, stack(0x0000000017a10000,0x0000000017b10000)]

Stack: [0x0000000017a10000,0x0000000017b10000]
[error occurred during error reporting (printing stack bounds), id 0xc0000005]

Native frames: (J=compiled Java code, j=interpreted, Vv=VM code, C=native code)


Current CompileTask:
C2:3561985 17168       4       org.gradle.api.internal.artifacts.ivyservice.resolveengine.artifact.ResolvedArtifactsGraphVisitor::getArtifacts (197 bytes)


---------------  P R O C E S S  ---------------

Java Threads: ( => current thread )
  0x000000001d20a800 JavaThread "Build operations Thread 4" [_thread_blocked, id=9064, stack(0x0000000025e50000,0x0000000025f50000)]
  0x000000001d208000 JavaThread "Build operations Thread 3" [_thread_blocked, id=4956, stack(0x0000000023ea0000,0x0000000023fa0000)]
  0x000000001daf0800 JavaThread "Build operations Thread 2" [_thread_blocked, id=8568, stack(0x0000000023b60000,0x0000000023c60000)]
  0x000000001daf5000 JavaThread "Build operations" [_thread_blocked, id=6140, stack(0x0000000023a60000,0x0000000023b60000)]
  0x000000001daf2800 JavaThread "Cache worker for cache directory md-rule (C:\Users\Ivan Koppong\.gradle\caches\6.1.1\md-rule)" [_thread_blocked, id=5552, stack(0x00000000232c0000,0x00000000233c0000)]
  0x000000001daf4000 JavaThread "Cache worker for cache directory md-supplier (C:\Users\Ivan Koppong\.gradle\caches\6.1.1\md-supplier)" [_thread_blocked, id=9432, stack(0x00000000227c0000,0x00000000228c0000)]
  0x000000001dae9000 JavaThread "Cache worker for file hash cache (E:\CLIENT\Dimas\Sistem\Data\GoGreen StoreApp v1.6\.gradle\6.1.1\fileHashes)" [_thread_blocked, id=8384, stack(0x00000000222c0000,0x00000000223c0000)]
  0x000000001daef800 JavaThread "Cache worker for checksums cache (E:\CLIENT\Dimas\Sistem\Data\GoGreen StoreApp v1.6\.gradle\checksums)" [_thread_blocked, id=5496, stack(0x0000000020e00000,0x0000000020f00000)]
  0x000000001dae8000 JavaThread "Thread-46" [_thread_blocked, id=8752, stack(0x000000001fa00000,0x000000001fb00000)]
  0x000000001daef000 JavaThread "Stdin handler" [_thread_blocked, id=6868, stack(0x000000001f900000,0x000000001fa00000)]
  0x000000001dae7800 JavaThread "Asynchronous log dispatcher for DefaultDaemonConnection: socket connection from /127.0.0.1:56655 to /127.0.0.1:56970" [_thread_blocked, id=4040, stack(0x000000001bc30000,0x000000001bd30000)]
  0x000000001daed800 JavaThread "Daemon worker Thread 3" [_thread_in_Java, id=3860, stack(0x000000001b530000,0x000000001b630000)]
  0x000000001dae6000 JavaThread "Cancel handler" [_thread_blocked, id=11152, stack(0x000000001b430000,0x000000001b530000)]
  0x000000001daec800 JavaThread "Handler for socket connection from /127.0.0.1:56655 to /127.0.0.1:56970" [_thread_in_native, id=3168, stack(0x0000000000e10000,0x0000000000f10000)]
  0x000000001dae9800 JavaThread "Daemon Thread 3" [_thread_blocked, id=6372, stack(0x0000000000d10000,0x0000000000e10000)]
  0x000000001daec000 JavaThread "Memory manager" [_thread_blocked, id=3248, stack(0x0000000021fc0000,0x00000000220c0000)]
  0x0000000017e97800 JavaThread "Cache worker for execution history cache (C:\Users\Ivan Koppong\.gradle\caches\6.1.1\executionHistory)" [_thread_blocked, id=7392, stack(0x000000001fd00000,0x000000001fe00000)]
  0x0000000017e9a800 JavaThread "Cache worker for file hash cache (C:\Users\Ivan Koppong\.gradle\caches\6.1.1\fileHashes)" [_thread_blocked, id=6124, stack(0x000000001c130000,0x000000001c230000)]
  0x0000000017e9c000 JavaThread "File lock request listener" [_thread_in_native, id=1388, stack(0x000000001c030000,0x000000001c130000)]
  0x0000000017f33000 JavaThread "Cache worker for journal cache (C:\Users\Ivan Koppong\.gradle\caches\journal-1)" [_thread_blocked, id=11236, stack(0x000000001bf30000,0x000000001c030000)]
  0x0000000018beb000 JavaThread "Daemon periodic checks" [_thread_blocked, id=1504, stack(0x000000001b330000,0x000000001b430000)]
  0x0000000019224800 JavaThread "Incoming local TCP Connector on port 56655" [_thread_in_native, id=336, stack(0x000000001b0f0000,0x000000001b1f0000)]
  0x00000000197f6800 JavaThread "Daemon health stats" [_thread_blocked, id=5116, stack(0x000000001aab0000,0x000000001abb0000)]
  0x0000000017c2f800 JavaThread "Service Thread" daemon [_thread_blocked, id=8680, stack(0x0000000018110000,0x0000000018210000)]
  0x0000000017c12000 JavaThread "C1 CompilerThread2" daemon [_thread_blocked, id=3340, stack(0x0000000018010000,0x0000000018110000)]
  0x0000000016418800 JavaThread "C2 CompilerThread1" daemon [_thread_blocked, id=8972, stack(0x0000000017b10000,0x0000000017c10000)]
=>0x00000000163c5800 JavaThread "C2 CompilerThread0" daemon [_thread_in_native, id=2736, stack(0x0000000017a10000,0x0000000017b10000)]
  0x00000000163c3000 JavaThread "Attach Listener" daemon [_thread_blocked, id=9284, stack(0x0000000017910000,0x0000000017a10000)]
  0x00000000163c1800 JavaThread "Signal Dispatcher" daemon [_thread_blocked, id=11772, stack(0x0000000017810000,0x0000000017910000)]
  0x0000000002a4b800 JavaThread "Finalizer" daemon [_thread_blocked, id=12244, stack(0x0000000017610000,0x0000000017710000)]
  0x00000000163a9000 JavaThread "Reference Handler" daemon [_thread_blocked, id=9468, stack(0x0000000017510000,0x0000000017610000)]
  0x0000000002952800 JavaThread "main" [_thread_blocked, id=9168, stack(0x0000000002850000,0x0000000002950000)]

Other Threads:
  0x0000000016386800 VMThread [stack: 0x0000000017410000,0x0000000017510000] [id=6972]
  0x0000000017c30800 WatcherThread [stack: 0x0000000018210000,0x0000000018310000] [id=11744]

VM state:not at safepoint (normal execution)

VM Mutex/Monitor currently owned by a thread: None

heap address: 0x00000000a0000000, size: 1536 MB, Compressed Oops mode: 32-bit
Narrow klass base: 0x0000000000000000, Narrow klass shift: 3
Compressed class space size: 1073741824 Address: 0x0000000100000000

Heap:
 PSYoungGen      total 484352K, used 246277K [0x00000000e0000000, 0x00000000ffc00000, 0x0000000100000000)
  eden space 452608K, 51% used [0x00000000e0000000,0x00000000ee302030,0x00000000fba00000)
  from space 31744K, 43% used [0x00000000fdd00000,0x00000000fea7f440,0x00000000ffc00000)
  to   space 33792K, 0% used [0x00000000fba00000,0x00000000fba00000,0x00000000fdb00000)
 ParOldGen       total 177664K, used 95984K [0x00000000a0000000, 0x00000000aad80000, 0x00000000e0000000)
  object space 177664K, 54% used [0x00000000a0000000,0x00000000a5dbc178,0x00000000aad80000)
 Metaspace       used 109141K, capacity 114938K, committed 115112K, reserved 1148928K
  class space    used 14199K, capacity 15479K, committed 15528K, reserved 1048576K

Card table byte_map: [0x0000000011e10000,0x0000000012120000] byte_map_base: 0x0000000011910000

Marking Bits: (ParMarkBitMap*) 0x000000006f0af030
 Begin Bits: [0x0000000012720000, 0x0000000013f20000)
 End Bits:   [0x0000000013f20000, 0x0000000015720000)

Polling page: 0x0000000000f40000

CodeCache: size=245760Kb used=49935Kb max_used=51394Kb free=195824Kb
 bounds [0x0000000002a50000, 0x0000000005cd0000, 0x0000000011a50000]
 total_blobs=14722 nmethods=13832 adapters=800
 compilation: enabled

Compilation events (10 events):
Event: 3560.544 Thread 0x0000000016418800 17188 %     4       org.gradle.cache.internal.btree.BTreePersistentIndexedCache$IndexBlock::read @ 16 (94 bytes)
Event: 3560.620 Thread 0x0000000016418800 nmethod 17188% 0x0000000004a4f410 code [0x0000000004a4f5e0, 0x0000000004a503b8]
Event: 3560.621 Thread 0x0000000016418800 17189       4       org.gradle.cache.internal.btree.BTreePersistentIndexedCache$IndexBlock::read (94 bytes)
Event: 3560.634 Thread 0x0000000017c12000 17190       3       org.gradle.internal.fingerprint.impl.IgnoredPathFileSystemLocationFingerprint::appendToHasher (11 bytes)
Event: 3560.645 Thread 0x0000000017c12000 nmethod 17190 0x000000000464e790 code [0x000000000464e980, 0x000000000464f218]
Event: 3560.681 Thread 0x0000000016418800 nmethod 17189 0x0000000005b88fd0 code [0x0000000005b891c0, 0x0000000005b8a038]
Event: 3560.735 Thread 0x0000000016418800 17191       4       org.gradle.groovy.scripts.DelegatingScriptSource::getClassName (10 bytes)
Event: 3560.736 Thread 0x0000000016418800 nmethod 17191 0x0000000004a4f050 code [0x0000000004a4f1a0, 0x0000000004a4f288]
Event: 3561.383 Thread 0x0000000016418800 17192       4       org.gradle.internal.service.DefaultServiceRegistry::access$900 (5 bytes)
Event: 3561.385 Thread 0x0000000016418800 nmethod 17192 0x0000000005520b90 code [0x0000000005520ce0, 0x0000000005520dd8]

GC Heap History (10 events):
Event: 380.585 GC heap before
{Heap before GC invocations=20 (full 3):
 PSYoungGen      total 352768K, used 48656K [0x00000000e0000000, 0x00000000f7980000, 0x0000000100000000)
  eden space 324096K, 7% used [0x00000000e0000000,0x00000000e186ada0,0x00000000f3c80000)
  from space 28672K, 82% used [0x00000000f5d00000,0x00000000f74195c0,0x00000000f7900000)
  to   space 31232K, 0% used [0x00000000f3c80000,0x00000000f3c80000,0x00000000f5b00000)
 ParOldGen       total 119808K, used 68226K [0x00000000a0000000, 0x00000000a7500000, 0x00000000e0000000)
  object space 119808K, 56% used [0x00000000a0000000,0x00000000a42a0888,0x00000000a7500000)
 Metaspace       used 93891K, capacity 98452K, committed 98600K, reserved 1134592K
  class space    used 12246K, capacity 13258K, committed 13352K, reserved 1048576K
Event: 380.621 GC heap after
Heap after GC invocations=20 (full 3):
 PSYoungGen      total 355328K, used 20720K [0x00000000e0000000, 0x00000000fc600000, 0x0000000100000000)
  eden space 324096K, 0% used [0x00000000e0000000,0x00000000e0000000,0x00000000f3c80000)
  from space 31232K, 66% used [0x00000000f3c80000,0x00000000f50bc248,0x00000000f5b00000)
  to   space 32256K, 0% used [0x00000000fa680000,0x00000000fa680000,0x00000000fc600000)
 ParOldGen       total 119808K, used 68226K [0x00000000a0000000, 0x00000000a7500000, 0x00000000e0000000)
  object space 119808K, 56% used [0x00000000a0000000,0x00000000a42a0888,0x00000000a7500000)
 Metaspace       used 93891K, capacity 98452K, committed 98600K, reserved 1134592K
  class space    used 12246K, capacity 13258K, committed 13352K, reserved 1048576K
}
Event: 380.621 GC heap before
{Heap before GC invocations=21 (full 4):
 PSYoungGen      total 355328K, used 20720K [0x00000000e0000000, 0x00000000fc600000, 0x0000000100000000)
  eden space 324096K, 0% used [0x00000000e0000000,0x00000000e0000000,0x00000000f3c80000)
  from space 31232K, 66% used [0x00000000f3c80000,0x00000000f50bc248,0x00000000f5b00000)
  to   space 32256K, 0% used [0x00000000fa680000,0x00000000fa680000,0x00000000fc600000)
 ParOldGen       total 119808K, used 68226K [0x00000000a0000000, 0x00000000a7500000, 0x00000000e0000000)
  object space 119808K, 56% used [0x00000000a0000000,0x00000000a42a0888,0x00000000a7500000)
 Metaspace       used 93891K, capacity 98452K, committed 98600K, reserved 1134592K
  class space    used 12246K, capacity 13258K, committed 13352K, reserved 1048576K
Event: 381.114 GC heap after
Heap after GC invocations=21 (full 4):
 PSYoungGen      total 355328K, used 0K [0x00000000e0000000, 0x00000000fc600000, 0x0000000100000000)
  eden space 324096K, 0% used [0x00000000e0000000,0x00000000e0000000,0x00000000f3c80000)
  from space 31232K, 0% used [0x00000000f3c80000,0x00000000f3c80000,0x00000000f5b00000)
  to   space 32256K, 0% used [0x00000000fa680000,0x00000000fa680000,0x00000000fc600000)
 ParOldGen       total 177664K, used 75687K [0x00000000a0000000, 0x00000000aad80000, 0x00000000e0000000)
  object space 177664K, 42% used [0x00000000a0000000,0x00000000a49e9ed8,0x00000000aad80000)
 Metaspace       used 93739K, capacity 98104K, committed 98600K, reserved 1134592K
  class space    used 12198K, capacity 13192K, committed 13352K, reserved 1048576K
}
Event: 400.923 GC heap before
{Heap before GC invocations=22 (full 4):
 PSYoungGen      total 355328K, used 324096K [0x00000000e0000000, 0x00000000fc600000, 0x0000000100000000)
  eden space 324096K, 100% used [0x00000000e0000000,0x00000000f3c80000,0x00000000f3c80000)
  from space 31232K, 0% used [0x00000000f3c80000,0x00000000f3c80000,0x00000000f5b00000)
  to   space 32256K, 0% used [0x00000000fa680000,0x00000000fa680000,0x00000000fc600000)
 ParOldGen       total 177664K, used 75687K [0x00000000a0000000, 0x00000000aad80000, 0x00000000e0000000)
  object space 177664K, 42% used [0x00000000a0000000,0x00000000a49e9ed8,0x00000000aad80000)
 Metaspace       used 103998K, capacity 109250K, committed 109480K, reserved 1144832K
  class space    used 13792K, capacity 14991K, committed 15016K, reserved 1048576K
Event: 400.983 GC heap after
Heap after GC invocations=22 (full 4):
 PSYoungGen      total 429056K, used 28549K [0x00000000e0000000, 0x00000000fcd00000, 0x0000000100000000)
  eden space 396800K, 0% used [0x00000000e0000000,0x00000000e0000000,0x00000000f8380000)
  from space 32256K, 88% used [0x00000000fa680000,0x00000000fc261688,0x00000000fc600000)
  to   space 35840K, 0% used [0x00000000f8380000,0x00000000f8380000,0x00000000fa680000)
 ParOldGen       total 177664K, used 75695K [0x00000000a0000000, 0x00000000aad80000, 0x00000000e0000000)
  object space 177664K, 42% used [0x00000000a0000000,0x00000000a49ebed8,0x00000000aad80000)
 Metaspace       used 103998K, capacity 109250K, committed 109480K, reserved 1144832K
  class space    used 13792K, capacity 14991K, committed 15016K, reserved 1048576K
}
Event: 417.734 GC heap before
{Heap before GC invocations=23 (full 4):
 PSYoungGen      total 429056K, used 425349K [0x00000000e0000000, 0x00000000fcd00000, 0x0000000100000000)
  eden space 396800K, 100% used [0x00000000e0000000,0x00000000f8380000,0x00000000f8380000)
  from space 32256K, 88% used [0x00000000fa680000,0x00000000fc261688,0x00000000fc600000)
  to   space 35840K, 0% used [0x00000000f8380000,0x00000000f8380000,0x00000000fa680000)
 ParOldGen       total 177664K, used 75695K [0x00000000a0000000, 0x00000000aad80000, 0x00000000e0000000)
  object space 177664K, 42% used [0x00000000a0000000,0x00000000a49ebed8,0x00000000aad80000)
 Metaspace       used 104274K, capacity 109638K, committed 109736K, reserved 1144832K
  class space    used 13798K, capacity 15001K, committed 15016K, reserved 1048576K
Event: 417.784 GC heap after
Heap after GC invocations=23 (full 4):
 PSYoungGen      total 432640K, used 3608K [0x00000000e0000000, 0x0000000100000000, 0x0000000100000000)
  eden space 396800K, 0% used [0x00000000e0000000,0x00000000e0000000,0x00000000f8380000)
  from space 35840K, 10% used [0x00000000f8380000,0x00000000f8706038,0x00000000fa680000)
  to   space 35840K, 0% used [0x00000000fdd00000,0x00000000fdd00000,0x0000000100000000)
 ParOldGen       total 177664K, used 94352K [0x00000000a0000000, 0x00000000aad80000, 0x00000000e0000000)
  object space 177664K, 53% used [0x00000000a0000000,0x00000000a5c243f0,0x00000000aad80000)
 Metaspace       used 104274K, capacity 109638K, committed 109736K, reserved 1144832K
  class space    used 13798K, capacity 15001K, committed 15016K, reserved 1048576K
}
Event: 438.333 GC heap before
{Heap before GC invocations=24 (full 4):
 PSYoungGen      total 432640K, used 400408K [0x00000000e0000000, 0x0000000100000000, 0x0000000100000000)
  eden space 396800K, 100% used [0x00000000e0000000,0x00000000f8380000,0x00000000f8380000)
  from space 35840K, 10% used [0x00000000f8380000,0x00000000f8706038,0x00000000fa680000)
  to   space 35840K, 0% used [0x00000000fdd00000,0x00000000fdd00000,0x0000000100000000)
 ParOldGen       total 177664K, used 94352K [0x00000000a0000000, 0x00000000aad80000, 0x00000000e0000000)
  object space 177664K, 53% used [0x00000000a0000000,0x00000000a5c243f0,0x00000000aad80000)
 Metaspace       used 105197K, capacity 110538K, committed 110632K, reserved 1144832K
  class space    used 13872K, capacity 15087K, committed 15144K, reserved 1048576K
Event: 438.378 GC heap after
Heap after GC invocations=24 (full 4):
 PSYoungGen      total 484352K, used 13821K [0x00000000e0000000, 0x00000000ffc00000, 0x0000000100000000)
  eden space 452608K, 0% used [0x00000000e0000000,0x00000000e0000000,0x00000000fba00000)
  from space 31744K, 43% used [0x00000000fdd00000,0x00000000fea7f440,0x00000000ffc00000)
  to   space 33792K, 0% used [0x00000000fba00000,0x00000000fba00000,0x00000000fdb00000)
 ParOldGen       total 177664K, used 95984K [0x00000000a0000000, 0x00000000aad80000, 0x00000000e0000000)
  object space 177664K, 54% used [0x00000000a0000000,0x00000000a5dbc178,0x00000000aad80000)
 Metaspace       used 105197K, capacity 110538K, committed 110632K, reserved 1144832K
  class space    used 13872K, capacity 15087K, committed 15144K, reserved 1048576K
}

Deoptimization events (10 events):
Event: 3552.961 Thread 0x000000001daec800 Uncommon trap: reason=bimorphic action=maybe_recompile pc=0x0000000004a8a6b8 method=java.io.DataInputStream.readChar()C @ 4
Event: 3552.961 Thread 0x000000001daec800 Uncommon trap: reason=bimorphic action=maybe_recompile pc=0x0000000004a8a6b8 method=java.io.DataInputStream.readChar()C @ 4
Event: 3555.102 Thread 0x000000001daed800 Uncommon trap: reason=array_check action=maybe_recompile pc=0x000000000462a2fc method=com.google.common.collect.ImmutableSet.construct(I[Ljava/lang/Object;)Lcom/google/common/collect/ImmutableSet; @ 122
Event: 3555.258 Thread 0x000000001daed800 Uncommon trap: reason=array_check action=maybe_recompile pc=0x000000000462a2fc method=com.google.common.collect.ImmutableSet.construct(I[Ljava/lang/Object;)Lcom/google/common/collect/ImmutableSet; @ 122
Event: 3555.294 Thread 0x000000001daed800 Uncommon trap: reason=array_check action=maybe_recompile pc=0x000000000462a2fc method=com.google.common.collect.ImmutableSet.construct(I[Ljava/lang/Object;)Lcom/google/common/collect/ImmutableSet; @ 122
Event: 3555.406 Thread 0x000000001daed800 Uncommon trap: reason=bimorphic action=maybe_recompile pc=0x0000000004a8a6b8 method=java.io.DataInputStream.readChar()C @ 4
Event: 3555.406 Thread 0x000000001daed800 Uncommon trap: reason=array_check action=maybe_recompile pc=0x000000000462a2fc method=com.google.common.collect.ImmutableSet.construct(I[Ljava/lang/Object;)Lcom/google/common/collect/ImmutableSet; @ 122
Event: 3557.302 Thread 0x000000001daed800 Uncommon trap: reason=class_check action=maybe_recompile pc=0x00000000040e6240 method=org.codehaus.groovy.runtime.callsite.PogoMetaClassSite.callCurrent(Lgroovy/lang/GroovyObject;[Ljava/lang/Object;)Ljava/lang/Object; @ 27
Event: 3557.533 Thread 0x000000001daed800 Uncommon trap: reason=unstable_if action=reinterpret pc=0x0000000004daaf4c method=org.gradle.tooling.internal.provider.runner.ClientForwardingProjectConfigurationOperationListener.finished(Lorg/gradle/internal/operations/BuildOperationDescriptor;Lorg/grad
Event: 3559.284 Thread 0x000000001dae8000 Uncommon trap: reason=unstable_if action=reinterpret pc=0x0000000003a1bc94 method=java.util.concurrent.locks.AbstractQueuedSynchronizer$ConditionObject.awaitNanos(J)J @ 73

Classes redefined (0 events):
No events

Internal exceptions (10 events):
Event: 3555.433 Thread 0x000000001daed800 Exception <a 'java/lang/NoSuchMethodError': <clinit>> (0x00000000ed03e710) thrown at [C:\src\AOSP-openjdk-git\hotspot\src\share\vm\prims\jni.cpp, line 1615]
Event: 3555.433 Thread 0x000000001daed800 Exception <a 'java/lang/NoSuchMethodError': <clinit>> (0x00000000ed03fcc0) thrown at [C:\src\AOSP-openjdk-git\hotspot\src\share\vm\prims\jni.cpp, line 1615]
Event: 3555.433 Thread 0x000000001daed800 Exception <a 'java/lang/NoSuchMethodError': <clinit>> (0x00000000ed041110) thrown at [C:\src\AOSP-openjdk-git\hotspot\src\share\vm\prims\jni.cpp, line 1615]
Event: 3558.114 Thread 0x000000001dae8000 Exception <a 'java/lang/NoSuchMethodError': <clinit>> (0x00000000ecb411b8) thrown at [C:\src\AOSP-openjdk-git\hotspot\src\share\vm\prims\jni.cpp, line 1615]
Event: 3558.114 Thread 0x000000001dae8000 Exception <a 'java/lang/NoSuchMethodError': <clinit>> (0x00000000ecb434d8) thrown at [C:\src\AOSP-openjdk-git\hotspot\src\share\vm\prims\jni.cpp, line 1615]
Event: 3558.302 Thread 0x000000001dae8000 Exception <a 'java/lang/NoSuchMethodError': <clinit>> (0x00000000ecb52eb0) thrown at [C:\src\AOSP-openjdk-git\hotspot\src\share\vm\prims\jni.cpp, line 1615]
Event: 3558.302 Thread 0x000000001dae8000 Exception <a 'java/lang/NoSuchMethodError': <clinit>> (0x00000000ecb55fd0) thrown at [C:\src\AOSP-openjdk-git\hotspot\src\share\vm\prims\jni.cpp, line 1615]
Event: 3558.333 Thread 0x000000001dae8000 Exception <a 'java/lang/NoSuchMethodError': <clinit>> (0x00000000ecb5e0d0) thrown at [C:\src\AOSP-openjdk-git\hotspot\src\share\vm\prims\jni.cpp, line 1615]
Event: 3561.149 Thread 0x000000001daed800 Exception <a 'java/lang/ClassNotFoundException': build_bufp2d98rwmplwzfsko5sxlayBeanInfo> (0x00000000ee2840b8) thrown at [C:\src\AOSP-openjdk-git\hotspot\src\share\vm\classfile\systemDictionary.cpp, line 210]
Event: 3561.153 Thread 0x000000001daed800 Exception <a 'java/lang/ClassNotFoundException': build_bufp2d98rwmplwzfsko5sxlayCustomizer> (0x00000000ee2912c0) thrown at [C:\src\AOSP-openjdk-git\hotspot\src\share\vm\classfile\systemDictionary.cpp, line 210]

Events (10 events):
Event: 3561.357 loading class groovy/runtime/metaclass/build_bufp2d98rwmplwzfsko5sxlay$_run_closure1$_closure3MetaClass
Event: 3561.357 loading class groovy/runtime/metaclass/build_bufp2d98rwmplwzfsko5sxlay$_run_closure1$_closure3MetaClass done
Event: 3561.384 loading class org/gradle/api/tasks/Delete
Event: 3561.384 loading class org/gradle/api/tasks/Delete done
Event: 3561.385 loading class org/codehaus/groovy/runtime/ScriptBytecodeAdapter
Event: 3561.385 loading class org/codehaus/groovy/runtime/ScriptBytecodeAdapter done
Event: 3561.472 loading class groovy/runtime/metaclass/build_bufp2d98rwmplwzfsko5sxlay$_run_closure2MetaClass
Event: 3561.472 loading class groovy/runtime/metaclass/build_bufp2d98rwmplwzfsko5sxlay$_run_closure2MetaClass done
Event: 3561.524 Executing VM operation: RevokeBias
Event: 3561.524 Executing VM operation: RevokeBias done


Dynamic libraries:
0x00007ff73d910000 - 0x00007ff73d941000 	C:\Program Files\Android\Android Studio\jre\bin\java.exe
0x00007ffcd6300000 - 0x00007ffcd64f0000 	C:\WINDOWS\SYSTEM32\ntdll.dll
0x00007ffcd5cd0000 - 0x00007ffcd5d83000 	C:\WINDOWS\System32\KERNEL32.DLL
0x00007ffcd3270000 - 0x00007ffcd3515000 	C:\WINDOWS\System32\KERNELBASE.dll
0x00007ffcd5b60000 - 0x00007ffcd5c05000 	C:\WINDOWS\System32\ADVAPI32.dll
0x00007ffcd5c20000 - 0x00007ffcd5cbe000 	C:\WINDOWS\System32\msvcrt.dll
0x00007ffcd44d0000 - 0x00007ffcd4568000 	C:\WINDOWS\System32\sechost.dll
0x00007ffcd5190000 - 0x00007ffcd52ab000 	C:\WINDOWS\System32\RPCRT4.dll
0x00007ffcd4ac0000 - 0x00007ffcd4c54000 	C:\WINDOWS\System32\USER32.dll
0x00007ffcd3bd0000 - 0x00007ffcd3bf1000 	C:\WINDOWS\System32\win32u.dll
0x00007ffcd53b0000 - 0x00007ffcd53d6000 	C:\WINDOWS\System32\GDI32.dll
0x00007ffcd3800000 - 0x00007ffcd3998000 	C:\WINDOWS\System32\gdi32full.dll
0x00007ffcd3550000 - 0x00007ffcd35ee000 	C:\WINDOWS\System32\msvcp_win.dll
0x00007ffcd35f0000 - 0x00007ffcd36ea000 	C:\WINDOWS\System32\ucrtbase.dll
0x00007ffcc0960000 - 0x00007ffcc0be4000 	C:\WINDOWS\WinSxS\amd64_microsoft.windows.common-controls_6595b64144ccf1df_6.0.18362.2037_none_9e7c226de460245a\COMCTL32.dll
0x00007ffcd4e50000 - 0x00007ffcd5186000 	C:\WINDOWS\System32\combase.dll
0x00007ffcd39f0000 - 0x00007ffcd3a74000 	C:\WINDOWS\System32\bcryptPrimitives.dll
0x00007ffcd4d70000 - 0x00007ffcd4d9e000 	C:\WINDOWS\System32\IMM32.DLL
0x000000006e720000 - 0x000000006e7f2000 	C:\Program Files\Android\Android Studio\jre\jre\bin\msvcr100.dll
0x000000006e8e0000 - 0x000000006f12b000 	C:\Program Files\Android\Android Studio\jre\jre\bin\server\jvm.dll
0x00007ffcd5cc0000 - 0x00007ffcd5cc8000 	C:\WINDOWS\System32\PSAPI.DLL
0x00007ffcd0ce0000 - 0x00007ffcd0ce9000 	C:\WINDOWS\SYSTEM32\WSOCK32.dll
0x00007ffcd5340000 - 0x00007ffcd53af000 	C:\WINDOWS\System32\WS2_32.dll
0x00007ffccfb20000 - 0x00007ffccfb44000 	C:\WINDOWS\SYSTEM32\WINMM.dll
0x00007ffcc8ae0000 - 0x00007ffcc8aea000 	C:\WINDOWS\SYSTEM32\VERSION.dll
0x00007ffccfaf0000 - 0x00007ffccfb1d000 	C:\WINDOWS\SYSTEM32\WINMMBASE.dll
0x00007ffcd39a0000 - 0x00007ffcd39ea000 	C:\WINDOWS\System32\cfgmgr32.dll
0x00007ffcd0cc0000 - 0x00007ffcd0ccf000 	C:\Program Files\Android\Android Studio\jre\jre\bin\verify.dll
0x00007ffcba120000 - 0x00007ffcba149000 	C:\Program Files\Android\Android Studio\jre\jre\bin\java.dll
0x00007ffcc5060000 - 0x00007ffcc5076000 	C:\Program Files\Android\Android Studio\jre\jre\bin\zip.dll
0x00007ffcd53e0000 - 0x00007ffcd5ac7000 	C:\WINDOWS\System32\SHELL32.dll
0x00007ffcd4c60000 - 0x00007ffcd4d09000 	C:\WINDOWS\System32\shcore.dll
0x00007ffcd3c20000 - 0x00007ffcd439c000 	C:\WINDOWS\System32\windows.storage.dll
0x00007ffcd3210000 - 0x00007ffcd322e000 	C:\WINDOWS\System32\profapi.dll
0x00007ffcd31c0000 - 0x00007ffcd320a000 	C:\WINDOWS\System32\powrprof.dll
0x00007ffcd31b0000 - 0x00007ffcd31c0000 	C:\WINDOWS\System32\UMPDC.dll
0x00007ffcd4d10000 - 0x00007ffcd4d62000 	C:\WINDOWS\System32\shlwapi.dll
0x00007ffcd3230000 - 0x00007ffcd3241000 	C:\WINDOWS\System32\kernel.appcore.dll
0x00007ffcd3c00000 - 0x00007ffcd3c17000 	C:\WINDOWS\System32\cryptsp.dll
0x00007ffcc1ad0000 - 0x00007ffcc1aea000 	C:\Program Files\Android\Android Studio\jre\jre\bin\net.dll
0x00007ffcd29a0000 - 0x00007ffcd2a07000 	C:\WINDOWS\system32\mswsock.dll
0x00007ffcc1260000 - 0x00007ffcc1273000 	C:\Program Files\Android\Android Studio\jre\jre\bin\nio.dll
0x00007ffcb4ce0000 - 0x00007ffcb4d06000 	C:\Users\Ivan Koppong\.gradle\native\31\windows-amd64\native-platform.dll
0x00007ffccfe60000 - 0x00007ffccfe6d000 	C:\Program Files\Android\Android Studio\jre\jre\bin\management.dll
0x00007ffcd2530000 - 0x00007ffcd2563000 	C:\WINDOWS\system32\rsaenh.dll
0x00007ffcd3520000 - 0x00007ffcd3546000 	C:\WINDOWS\System32\bcrypt.dll
0x00007ffcd30d0000 - 0x00007ffcd30f5000 	C:\WINDOWS\SYSTEM32\USERENV.dll
0x00007ffcd2b20000 - 0x00007ffcd2b2c000 	C:\WINDOWS\SYSTEM32\CRYPTBASE.dll
0x00007ffcd26c0000 - 0x00007ffcd26fa000 	C:\WINDOWS\SYSTEM32\IPHLPAPI.DLL
0x00007ffcd5c10000 - 0x00007ffcd5c18000 	C:\WINDOWS\System32\NSI.dll
0x00007ffcca8c0000 - 0x00007ffcca8d6000 	C:\WINDOWS\SYSTEM32\dhcpcsvc6.DLL
0x00007ffcca620000 - 0x00007ffcca63c000 	C:\WINDOWS\SYSTEM32\dhcpcsvc.DLL
0x00007ffcd2710000 - 0x00007ffcd27da000 	C:\WINDOWS\SYSTEM32\DNSAPI.dll
0x00007ffcc7300000 - 0x00007ffcc7324000 	C:\Program Files\Android\Android Studio\jre\jre\bin\sunec.dll
0x00007ffcc8f00000 - 0x00007ffcc8f0a000 	C:\Windows\System32\rasadhlp.dll
0x00007ffcca6b0000 - 0x00007ffcca727000 	C:\WINDOWS\System32\fwpuclnt.dll
0x00007ffcd0cf0000 - 0x00007ffcd0cfb000 	C:\Program Files\Android\Android Studio\jre\jre\bin\sunmscapi.dll
0x00007ffcd3a80000 - 0x00007ffcd3bca000 	C:\WINDOWS\System32\CRYPT32.dll
0x00007ffcd3250000 - 0x00007ffcd3262000 	C:\WINDOWS\System32\MSASN1.dll
0x00007ffcd2190000 - 0x00007ffcd21c1000 	C:\WINDOWS\SYSTEM32\ntmarta.dll

VM Arguments:
jvm_args: -Xmx1536m -Dfile.encoding=windows-1252 -Duser.country=US -Duser.language=en -Duser.variant 
java_command: org.gradle.launcher.daemon.bootstrap.GradleDaemon 6.1.1
java_class_path (initial): C:\Users\Ivan Koppong\.gradle\wrapper\dists\gradle-6.1.1-all\cfmwm155h49vnt3hynmlrsdst\gradle-6.1.1\lib\gradle-launcher-6.1.1.jar
Launcher Type: SUN_STANDARD

Environment Variables:
JAVA_HOME=C:\Program Files\Android\Android Studio\jre
PATH=C:\Program Files (x86)\Common Files\Intel\Shared Files\cpp\bin\Intel64;C:\Program Files (x86)\Common Files\Oracle\Java\javapath;C:\WINDOWS\system32;C:\WINDOWS;C:\WINDOWS\System32\Wbem;C:\WINDOWS\System32\WindowsPowerShell\v1.0\;C:\Python27\Scripts;C:\WINDOWS\System32\OpenSSH\;C:\Program Files (x86)\QuickTime\QTSystem\;C:\Program Files (x86)\Java\jdk1.8.0\bin;C:\Program Files\nodejs\;C:\Program Files (x86)\Java\jre8\bin;E:\gradle-4.1\bin;C:\Users\Ivan-Koppong\AppData\Local\Android\Sdk\tools;C:\Users\Ivan-Koppong\AppData\Local\Android\Sdk\tools\bin;C:\Users\Ivan-Koppong\AppData\Local\Android\Sdk\platform-tools;E:\MASTER\apache-ant-1.9.14\bin;C:\Program Files (x86)\PuTTY\;E:\Git\cmd;C:\Program Files\Docker\Docker\resources\bin;C:\ProgramData\DockerDesktop\version-bin;C:\Users\Ivan Koppong\AppData\Local\Microsoft\WindowsApps;C:\Program Files (x86)\Java\jdk1.8.0\bin;C:\Users\Ivan Koppong\AppData\Local\Android\Sdk\tools;C:\Users\Ivan Koppong\AppData\Local\Android\Sdk\platform-tools;C:\Users\Ivan Koppong\AppData\Roaming\npm;E:\MASTER\apache-ant-1.9.14\bin;C:\Program Files (x86)\Java\jdk1.8.0;C:\Users\Ivan-Koppong\AppData\Local\Android\Sdk\tools;C:\Users\Ivan-Koppong\AppData\Local\Android\Sdk\tools\bin;C:\Users\Ivan-Koppong\AppData\Local\Android\Sdk\platform-tools;C:\Users\Ivan Koppong\.gradle;E:\MASTER\apache-ant-1.9.14;C:\Users\Ivan Koppong\AppData\Local\Programs\Microsoft VS Code\bin
USERNAME=Ivan Koppong
OS=Windows_NT
PROCESSOR_IDENTIFIER=Intel64 Family 6 Model 58 Stepping 9, GenuineIntel



---------------  S Y S T E M  ---------------

OS: Windows 10.0 , 64 bit Build 18362 (10.0.18362.2037)

CPU:total 4 (initial active 4) (2 cores per cpu, 2 threads per core) family 6 model 58 stepping 9, cmov, cx8, fxsr, mmx, sse, sse2, sse3, ssse3, sse4.1, sse4.2, popcnt, avx, aes, clmul, erms, ht, tsc, tscinvbit, tscinv

Memory: 4k page, physical 8248812k(1237432k free), swap 14392812k(5920k free)

vm_info: OpenJDK 64-Bit Server VM (25.242-b01) for windows-amd64 JRE (1.8.0_242-release-1644-b01), built by "builder" with MS VC++ 10.0 (VS2010)

time: Sat Jan 29 16:05:54 2022
timezone: SE Asia Standard Time
elapsed time: 3562 seconds (0d 0h 59m 22s)

